homework/sdk/build/intermediates/manifest_merge_blame_file/debug/manifest-merger-blame-debug-report.txt
1<?xml version="1.0" encoding="utf-8"?>
2<manifest xmlns:android="http://schemas.android.com/apk/res/android"
3    package="org.opencv" >
4
5    <uses-sdk android:minSdkVersion="21" />
6
7    <uses-permission android:name="android.permission.CAMERA" />
7-->sdk\java\AndroidManifest.xml:5:5-65
7-->sdk\java\AndroidManifest.xml:5:22-62
8
9</manifest>